[32m2020-09-24 16:47:33 DEBUG /home/zky/project/my/learn_go/middleware/hostname/main.go 146 Check config file for : xiaohong
[0m[32m2020-09-24 16:47:33 DEBUG /home/zky/project/my/learn_go/middleware/hostname/main.go 146 Check config file for : xiaohong
[0m[32m2020-09-24 16:50:25 DEBUG /home/zky/project/my/learn_go/middleware/hostname/main.go 146 Check config file for : xiaohong
[0m[32m2020-09-24 16:50:25 DEBUG /home/zky/project/my/learn_go/middleware/hostname/main.go 146 Check config file for : xiaohong
[0m[32m2020-09-24 16:51:30 DEBUG /home/zky/project/my/learn_go/middleware/hostname/main.go 146 Check config file for : xiaohong
[0m[32m2020-09-24 16:51:30 DEBUG /home/zky/project/my/learn_go/middleware/hostname/main.go 146 Check config file for : xiaohong
[0m[32m2020-09-24 17:23:33 DEBUG /home/zky/project/my/learn_go/middleware/hostname/main.go 156 Check config file for : miner
[0m[32m2020-09-24 17:25:47 DEBUG /home/zky/project/my/learn_go/middleware/hostname/main.go 156 Check config file for : miner
[0m[32m2020-09-24 17:28:04 DEBUG /home/zky/project/my/learn_go/middleware/hostname/main.go 156 Check config file for : miner
[0m[32m2020-09-24 17:29:30 DEBUG /home/zky/project/my/learn_go/middleware/hostname/main.go 156 Check config file for : miner
[0m[32m2020-09-24 17:29:52 DEBUG /home/zky/project/my/learn_go/middleware/hostname/main.go 156 Check config file for : miner
[0m[32m2020-09-24 17:30:15 DEBUG /home/zky/project/my/learn_go/middleware/hostname/main.go 156 Check config file for : miner
[0m[32m2020-09-24 17:31:08 DEBUG /home/zky/project/my/learn_go/middleware/hostname/main.go 156 Check config file for : miner
[0m[32m2020-09-24 17:34:08 DEBUG /home/zky/project/my/learn_go/middleware/hostname/main.go 156 Check config file for : miner
[0m[32m2020-09-24 18:35:32 DEBUG /home/zky/project/my/learn_go/middleware/hostname/main.go 156 Check config file for : miner
[0m[32m2020-09-24 18:35:58 DEBUG /home/zky/project/my/learn_go/middleware/hostname/main.go 156 Check config file for : miner
[0m[32m2020-09-24 18:36:54 DEBUG /home/zky/project/my/learn_go/middleware/hostname/main.go 156 Check config file for : miner
[0m[32m2020-09-25 15:46:31 DEBUG /home/zky/project/my/learn_go/middleware/hostname/main.go 156 Check config file for : miner
[0m[32m2020-09-25 19:01:11 DEBUG /home/zky/project/my/learn_go/middleware/hostname/main.go 156 Check config file for : miner
[0m[32m2020-09-25 19:01:25 DEBUG /home/zky/project/my/learn_go/middleware/hostname/main.go 156 Check config file for : miner
[0m[32m2020-09-25 19:05:02 DEBUG /home/zky/project/my/learn_go/middleware/hostname/main.go 156 Check config file for : miner
[0m[32m2020-09-25 19:12:02 DEBUG /home/zky/project/my/learn_go/middleware/hostname/main.go 156 Check config file for : miner
[0m[32m2020-09-25 19:38:20 DEBUG /Users/zky/projects/myprojects/learn_go/middleware/hostname/main.go 163 Check config file for : miner
[0m[32m2020-09-25 19:43:00 DEBUG /Users/zky/projects/myprojects/learn_go/middleware/hostname/main.go 163 Check config file for : miner
[0m[32m2020-09-25 19:44:46 DEBUG /Users/zky/projects/myprojects/learn_go/middleware/hostname/main.go 163 Check config file for : miner
[0m